bench.obj : error LNK2001: 无法解析的外部符号 mirsys
sv.obj : error LNK2001: 无法解析的外部符号 epoint_get
sv.obj : error LNK2001: 无法解析的外部符号 epoint_set
sv.obj : error LNK2001: 无法解析的外部符号 ecurve_add
sv.obj : error LNK2001: 无法解析的外部符号 bytes_to_big
sv.obj : error LNK2001: 无法解析的外部符号 ecurve_init
sv.obj : error LNK2001: 无法解析的外部符号 big_to_bytes
sv.obj : error LNK2001: 无法解析的外部符号 mr_compare
sv.obj : error LNK2001: 无法解析的外部符号 multiply
sv.obj : error LNK2001: 无法解析的外部符号 subtract
sv.obj : error LNK2001: 无法解析的外部符号 point_at_infinity
sv.obj : error LNK2001: 无法解析的外部符号 mirvar
sv.obj : error LNK2001: 无法解析的外部符号 ecurve_mult
sv.obj : error LNK2001: 无法解析的外部符号 add
sv.obj : error LNK2001: 无法解析的外部符号 zero
sv.obj : error LNK2001: 无法解析的外部符号 decr
sv.obj : error LNK2001: 无法解析的外部符号 convert
sv.obj : error LNK2001: 无法解析的外部符号 xgcd
sv.obj : error LNK2001: 无法解析的外部符号 epoint_init
sv.obj : error LNK2001: 无法解析的外部符号 divide
sv.obj : error LNK2001: 无法解析的外部符号 power
D:\WHU\2023\论文\4-SM2-DAPS\实验\DAP-SM2-R\DAP-SM2-R\x64\Release\DAP-SM2-R.exe : fatal error LNK1120: 21 个无法解析的外部命令
