  sv.c
D:\WHU\2023\论文\4-SM2-DAPS\实验\DAP-SM2-R\DAP-SM2-R\src\sv.c(425): warning C4101: “i”: 未引用的局部变量
D:\WHU\2023\论文\4-SM2-DAPS\实验\DAP-SM2-R\DAP-SM2-R\src\sv.c(644): warning C4028: 形参 4 与声明不同
D:\WHU\2023\论文\4-SM2-DAPS\实验\DAP-SM2-R\DAP-SM2-R\src\sv.c(644): warning C4028: 形参 5 与声明不同
D:\WHU\2023\论文\4-SM2-DAPS\实验\DAP-SM2-R\DAP-SM2-R\src\sv.c(644): warning C4029: 声明的形参表不同于定义
  正在生成代码
  1 of 118 functions ( 0.8%) were compiled, the rest were copied from previous compilation.
    0 functions were new in current compilation
    16 functions had inline decision re-evaluated but remain unchanged
  已完成代码的生成
Miracl.lib(mrcore.obj) : warning LNK4099: 未找到 PDB“Miracl.pdb”(使用“Miracl.lib(mrcore.obj)”或在“D:\WHU\2023\论文\4-SM2-DAPS\实验\DAP-SM2-R\DAP-SM2-R\Release\Miracl.pdb”中寻找)；正在链接对象，如同没有调试信息一样
Miracl.lib(mrcurve.obj) : warning LNK4099: 未找到 PDB“Miracl.pdb”(使用“Miracl.lib(mrcurve.obj)”或在“D:\WHU\2023\论文\4-SM2-DAPS\实验\DAP-SM2-R\DAP-SM2-R\Release\Miracl.pdb”中寻找)；正在链接对象，如同没有调试信息一样
Miracl.lib(mrarth1.obj) : warning LNK4099: 未找到 PDB“Miracl.pdb”(使用“Miracl.lib(mrarth1.obj)”或在“D:\WHU\2023\论文\4-SM2-DAPS\实验\DAP-SM2-R\DAP-SM2-R\Release\Miracl.pdb”中寻找)；正在链接对象，如同没有调试信息一样
Miracl.lib(mrmonty.obj) : warning LNK4099: 未找到 PDB“Miracl.pdb”(使用“Miracl.lib(mrmonty.obj)”或在“D:\WHU\2023\论文\4-SM2-DAPS\实验\DAP-SM2-R\DAP-SM2-R\Release\Miracl.pdb”中寻找)；正在链接对象，如同没有调试信息一样
Miracl.lib(mrarth2.obj) : warning LNK4099: 未找到 PDB“Miracl.pdb”(使用“Miracl.lib(mrarth2.obj)”或在“D:\WHU\2023\论文\4-SM2-DAPS\实验\DAP-SM2-R\DAP-SM2-R\Release\Miracl.pdb”中寻找)；正在链接对象，如同没有调试信息一样
Miracl.lib(mrarth0.obj) : warning LNK4099: 未找到 PDB“Miracl.pdb”(使用“Miracl.lib(mrarth0.obj)”或在“D:\WHU\2023\论文\4-SM2-DAPS\实验\DAP-SM2-R\DAP-SM2-R\Release\Miracl.pdb”中寻找)；正在链接对象，如同没有调试信息一样
Miracl.lib(mrxgcd.obj) : warning LNK4099: 未找到 PDB“Miracl.pdb”(使用“Miracl.lib(mrxgcd.obj)”或在“D:\WHU\2023\论文\4-SM2-DAPS\实验\DAP-SM2-R\DAP-SM2-R\Release\Miracl.pdb”中寻找)；正在链接对象，如同没有调试信息一样
Miracl.lib(mrarth3.obj) : warning LNK4099: 未找到 PDB“Miracl.pdb”(使用“Miracl.lib(mrarth3.obj)”或在“D:\WHU\2023\论文\4-SM2-DAPS\实验\DAP-SM2-R\DAP-SM2-R\Release\Miracl.pdb”中寻找)；正在链接对象，如同没有调试信息一样
Miracl.lib(mralloc.obj) : warning LNK4099: 未找到 PDB“Miracl.pdb”(使用“Miracl.lib(mralloc.obj)”或在“D:\WHU\2023\论文\4-SM2-DAPS\实验\DAP-SM2-R\DAP-SM2-R\Release\Miracl.pdb”中寻找)；正在链接对象，如同没有调试信息一样
Miracl.lib(mrbits.obj) : warning LNK4099: 未找到 PDB“Miracl.pdb”(使用“Miracl.lib(mrbits.obj)”或在“D:\WHU\2023\论文\4-SM2-DAPS\实验\DAP-SM2-R\DAP-SM2-R\Release\Miracl.pdb”中寻找)；正在链接对象，如同没有调试信息一样
Miracl.lib(mrsroot.obj) : warning LNK4099: 未找到 PDB“Miracl.pdb”(使用“Miracl.lib(mrsroot.obj)”或在“D:\WHU\2023\论文\4-SM2-DAPS\实验\DAP-SM2-R\DAP-SM2-R\Release\Miracl.pdb”中寻找)；正在链接对象，如同没有调试信息一样
Miracl.lib(mrjack.obj) : warning LNK4099: 未找到 PDB“Miracl.pdb”(使用“Miracl.lib(mrjack.obj)”或在“D:\WHU\2023\论文\4-SM2-DAPS\实验\DAP-SM2-R\DAP-SM2-R\Release\Miracl.pdb”中寻找)；正在链接对象，如同没有调试信息一样
Miracl.lib(mrmuldv.obj) : warning LNK4099: 未找到 PDB“Miracl.pdb”(使用“Miracl.lib(mrmuldv.obj)”或在“D:\WHU\2023\论文\4-SM2-DAPS\实验\DAP-SM2-R\DAP-SM2-R\Release\Miracl.pdb”中寻找)；正在链接对象，如同没有调试信息一样
Miracl.lib(mrlucas.obj) : warning LNK4099: 未找到 PDB“Miracl.pdb”(使用“Miracl.lib(mrlucas.obj)”或在“D:\WHU\2023\论文\4-SM2-DAPS\实验\DAP-SM2-R\DAP-SM2-R\Release\Miracl.pdb”中寻找)；正在链接对象，如同没有调试信息一样
  DAP-SM2-R.vcxproj -> D:\WHU\2023\论文\4-SM2-DAPS\实验\DAP-SM2-R\DAP-SM2-R\Release\DAP-SM2-R.exe
